0 info it worked if it ends with ok
1 verbose cli [ 'node', '/usr/bin/npm', 'install' ]
2 info using npm@1.3.6
3 info using node@v0.10.15
4 verbose node symlink /usr/bin/node
5 verbose readDependencies using package.json deps
6 verbose install where, deps [ '/home/sking/sandbox/tunebenders',
6 verbose install   [ 'grunt-contrib-connect',
6 verbose install     'grunt',
6 verbose install     'grunt-contrib-watch',
6 verbose install     'grunt-contrib-copy',
6 verbose install     'grunt-es6-module-transpiler',
6 verbose install     'glob',
6 verbose install     'matchdep',
6 verbose install     'grunt-contrib-concat',
6 verbose install     'grunt-contrib-clean',
6 verbose install     'grunt-contrib-jshint',
6 verbose install     'grunt-usemin',
6 verbose install     'grunt-contrib-uglify',
6 verbose install     'grunt-rev',
6 verbose install     'grunt-ember-templates',
6 verbose install     'string',
6 verbose install     'karma',
6 verbose install     'grunt-karma',
6 verbose install     'karma-qunit',
6 verbose install     'karma-coverage',
6 verbose install     'karma-phantomjs-launcher',
6 verbose install     'karma-safari-launcher',
6 verbose install     'lockfile',
6 verbose install     'grunt-sass',
6 verbose install     'grunt-contrib-sass' ] ]
7 info preinstall app-kit@0.0.0
8 verbose readDependencies using package.json deps
9 verbose already installed skipping grunt-contrib-watch@~0.4.4 /home/sking/sandbox/tunebenders
10 verbose already installed skipping grunt-contrib-connect@~0.3.0 /home/sking/sandbox/tunebenders
11 verbose already installed skipping grunt@~0.4.1 /home/sking/sandbox/tunebenders
12 verbose already installed skipping grunt-contrib-copy@~0.4.1 /home/sking/sandbox/tunebenders
13 verbose already installed skipping grunt-es6-module-transpiler@~0.4.1 /home/sking/sandbox/tunebenders
14 verbose already installed skipping glob@~3.2.1 /home/sking/sandbox/tunebenders
15 verbose already installed skipping matchdep@~0.1.2 /home/sking/sandbox/tunebenders
16 verbose already installed skipping grunt-contrib-concat@~0.3.0 /home/sking/sandbox/tunebenders
17 verbose already installed skipping grunt-contrib-jshint@~0.6.2 /home/sking/sandbox/tunebenders
18 verbose already installed skipping grunt-contrib-clean@~0.4.1 /home/sking/sandbox/tunebenders
19 verbose already installed skipping grunt-usemin@~0.1.12 /home/sking/sandbox/tunebenders
20 verbose already installed skipping grunt-contrib-uglify@~0.2.2 /home/sking/sandbox/tunebenders
21 verbose already installed skipping grunt-rev@~0.1.0 /home/sking/sandbox/tunebenders
22 verbose already installed skipping grunt-ember-templates@0.4.10 /home/sking/sandbox/tunebenders
23 verbose already installed skipping karma@~0.9.4 /home/sking/sandbox/tunebenders
24 verbose already installed skipping string@~1.4.0 /home/sking/sandbox/tunebenders
25 verbose already installed skipping grunt-karma@~0.5 /home/sking/sandbox/tunebenders
26 verbose already installed skipping karma-qunit@~0.0.3 /home/sking/sandbox/tunebenders
27 verbose already installed skipping karma-coverage@~0.0.3 /home/sking/sandbox/tunebenders
28 verbose already installed skipping karma-phantomjs-launcher@~0.0.2 /home/sking/sandbox/tunebenders
29 verbose already installed skipping lockfile@~>0.3.0 /home/sking/sandbox/tunebenders
30 verbose cache add [ 'karma-safari-launcher@~0.0.3', null ]
31 verbose cache add name=undefined spec="karma-safari-launcher@~0.0.3" args=["karma-safari-launcher@~0.0.3",null]
32 verbose parsed url { protocol: null,
32 verbose parsed url   slashes: null,
32 verbose parsed url   auth: null,
32 verbose parsed url   host: null,
32 verbose parsed url   port: null,
32 verbose parsed url   hostname: null,
32 verbose parsed url   hash: null,
32 verbose parsed url   search: null,
32 verbose parsed url   query: null,
32 verbose parsed url   pathname: 'karma-safari-launcher@~0.0.3',
32 verbose parsed url   path: 'karma-safari-launcher@~0.0.3',
32 verbose parsed url   href: 'karma-safari-launcher@~0.0.3' }
33 verbose cache add name="karma-safari-launcher" spec="~0.0.3" args=["karma-safari-launcher","~0.0.3"]
34 verbose parsed url { protocol: null,
34 verbose parsed url   slashes: null,
34 verbose parsed url   auth: null,
34 verbose parsed url   host: null,
34 verbose parsed url   port: null,
34 verbose parsed url   hostname: null,
34 verbose parsed url   hash: null,
34 verbose parsed url   search: null,
34 verbose parsed url   query: null,
34 verbose parsed url   pathname: '~0.0.3',
34 verbose parsed url   path: '~0.0.3',
34 verbose parsed url   href: '~0.0.3' }
35 verbose addNamed [ 'karma-safari-launcher', '~0.0.3' ]
36 verbose addNamed [ null, '>=0.0.3-0 <0.1.0-0' ]
37 verbose already installed skipping grunt-sass@~0.6.1 /home/sking/sandbox/tunebenders
38 silly lockFile 0a1e256e-karma-safari-launcher-0-0-3 karma-safari-launcher@~0.0.3
39 verbose lock karma-safari-launcher@~0.0.3 /home/sking/.npm/0a1e256e-karma-safari-launcher-0-0-3.lock
40 verbose already installed skipping grunt-contrib-sass@~0.4.1 /home/sking/sandbox/tunebenders
41 silly addNameRange { name: 'karma-safari-launcher',
41 silly addNameRange   range: '>=0.0.3-0 <0.1.0-0',
41 silly addNameRange   hasData: false }
42 verbose url raw karma-safari-launcher
43 verbose url resolving [ 'https://registry.npmjs.org/', './karma-safari-launcher' ]
44 verbose url resolved https://registry.npmjs.org/karma-safari-launcher
45 info trying registry request attempt 1 at 15:48:19
46 verbose etag "7DJCTIV8GKO1C0SS7MB9ARU6X"
47 http GET https://registry.npmjs.org/karma-safari-launcher
48 http 304 https://registry.npmjs.org/karma-safari-launcher
49 silly registry.get cb [ 304,
49 silly registry.get   { server: 'CouchDB/1.3.0 (Erlang OTP/R15B03)',
49 silly registry.get     etag: '"7DJCTIV8GKO1C0SS7MB9ARU6X"',
49 silly registry.get     date: 'Sun, 18 Aug 2013 19:48:22 GMT',
49 silly registry.get     'content-length': '0' } ]
50 verbose etag karma-safari-launcher from cache
51 silly addNameRange number 2 { name: 'karma-safari-launcher',
51 silly addNameRange   range: '>=0.0.3-0 <0.1.0-0',
51 silly addNameRange   hasData: true }
52 silly addNameRange versions [ 'karma-safari-launcher',
52 silly addNameRange   [ '0.0.1', '0.0.2', '0.0.3', '0.1.0', '0.1.1' ] ]
53 verbose addNamed [ 'karma-safari-launcher', '0.0.3' ]
54 verbose addNamed [ '0.0.3', '0.0.3' ]
55 silly lockFile cb596f56-karma-safari-launcher-0-0-3 karma-safari-launcher@0.0.3
56 verbose lock karma-safari-launcher@0.0.3 /home/sking/.npm/cb596f56-karma-safari-launcher-0-0-3.lock
57 silly lockFile cb596f56-karma-safari-launcher-0-0-3 karma-safari-launcher@0.0.3
58 silly lockFile cb596f56-karma-safari-launcher-0-0-3 karma-safari-launcher@0.0.3
59 silly lockFile 0a1e256e-karma-safari-launcher-0-0-3 karma-safari-launcher@~0.0.3
60 silly lockFile 0a1e256e-karma-safari-launcher-0-0-3 karma-safari-launcher@~0.0.3
61 silly resolved [ { name: 'karma-safari-launcher',
61 silly resolved     version: '0.0.3',
61 silly resolved     description: 'A Karma plugin. Launcher for Safari.',
61 silly resolved     main: 'index.js',
61 silly resolved     scripts: { test: 'echo "Error: no test specified" && exit 1' },
61 silly resolved     repository:
61 silly resolved      { type: 'git',
61 silly resolved        url: 'git://github.com/karma-runner/karma-safari-launcher.git' },
61 silly resolved     keywords: [ 'karma-plugin', 'karma-launcher', 'safari' ],
61 silly resolved     author: { name: 'Vojta Jina', email: 'vojta.jina@gmail.com' },
61 silly resolved     dependencies: {},
61 silly resolved     peerDependencies: { karma: '~0.9' },
61 silly resolved     os: [ 'darwin' ],
61 silly resolved     license: 'MIT',
61 silly resolved     devDependencies:
61 silly resolved      { 'grunt-npm': '0.0.2',
61 silly resolved        grunt: '~0.4.1',
61 silly resolved        'grunt-bump': '0.0.7',
61 silly resolved        'grunt-auto-release': '0.0.2' },
61 silly resolved     contributors: [],
61 silly resolved     bugs: { url: 'https://github.com/karma-runner/karma-safari-launcher/issues' },
61 silly resolved     readme: 'ERROR: No README data found!',
61 silly resolved     _id: 'karma-safari-launcher@0.0.3',
61 silly resolved     _from: 'karma-safari-launcher@~0.0.3' } ]
62 info install karma-safari-launcher@0.0.3 into /home/sking/sandbox/tunebenders
63 info installOne karma-safari-launcher@0.0.3
64 error notsup Unsupported
64 error notsup Not compatible with your operating system or architecture: karma-safari-launcher@0.0.3
64 error notsup Valid OS:    darwin
64 error notsup Valid Arch:  any
64 error notsup Actual OS:   linux
64 error notsup Actual Arch: x64
65 error System Linux 3.5.0-37-generic
66 error command "node" "/usr/bin/npm" "install"
67 error cwd /home/sking/sandbox/tunebenders
68 error node -v v0.10.15
69 error npm -v 1.3.6
70 error code EBADPLATFORM
71 verbose exit [ 1, true ]
